<?xml version="1.0" encoding="UTF-8" ?>
<testsuite errors="0" failures="0" hostname="develop-machine" name="isa95.productdefinition.Isa95PersonnelSpecificationPropertySpec" tests="11" time="0.178" timestamp="2014-12-21T15:00:04">
  <properties />
  <testcase classname="isa95.productdefinition.Isa95PersonnelSpecificationPropertySpec" name="test set name" time="0.063" />
  <testcase classname="isa95.productdefinition.Isa95PersonnelSpecificationPropertySpec" name="test set description" time="0.008" />
  <testcase classname="isa95.productdefinition.Isa95PersonnelSpecificationPropertySpec" name="test set value and uom" time="0.008" />
  <testcase classname="isa95.productdefinition.Isa95PersonnelSpecificationPropertySpec" name="test set quantity double value and uom" time="0.01" />
  <testcase classname="isa95.productdefinition.Isa95PersonnelSpecificationPropertySpec" name="init the whole object" time="0.009" />
  <testcase classname="isa95.productdefinition.Isa95PersonnelSpecificationPropertySpec" name="description should be nullable" time="0.012" />
  <testcase classname="isa95.productdefinition.Isa95PersonnelSpecificationPropertySpec" name="quantity should be nullable" time="0.01" />
  <testcase classname="isa95.productdefinition.Isa95PersonnelSpecificationPropertySpec" name="quantity and quantityUOM should be nullable" time="0.01" />
  <testcase classname="isa95.productdefinition.Isa95PersonnelSpecificationPropertySpec" name="name should be not nullable" time="0.012" />
  <testcase classname="isa95.productdefinition.Isa95PersonnelSpecificationPropertySpec" name="value should be not nullable" time="0.011" />
  <testcase classname="isa95.productdefinition.Isa95PersonnelSpecificationPropertySpec" name="valueUOM should be not nullable" time="0.011" />
  <system-out><![CDATA[--Output from test set name--
--Output from test set description--
--Output from test set value and uom--
--Output from test set quantity double value and uom--
--Output from init the whole object--
--Output from description should be nullable--
--Output from quantity should be nullable--
--Output from quantity and quantityUOM should be nullable--
--Output from name should be not nullable--
--Output from value should be not nullable--
--Output from valueUOM should be not nullable--
]]></system-out>
  <system-err><![CDATA[--Output from test set name--
--Output from test set description--
--Output from test set value and uom--
--Output from test set quantity double value and uom--
--Output from init the whole object--
--Output from description should be nullable--
--Output from quantity should be nullable--
--Output from quantity and quantityUOM should be nullable--
--Output from name should be not nullable--
--Output from value should be not nullable--
--Output from valueUOM should be not nullable--
]]></system-err>
</testsuite>
